<?xml version="1.0" encoding="UTF-8"?>
<!-- Generated by org.testng.reporters.JUnitReportReporter -->
<testsuite hostname="malika" failures="0" tests="1" name="test.TestLogin" time="7.933" errors="0" timestamp="2023-01-07T00:21:28 EST" skipped="0">
  <testcase classname="test.TestLogin" name="invalidEmailAddress" time="7.933"/>
  <system-out/>
</testsuite> <!-- test.TestLogin -->
