<?xml version="1.0" encoding="UTF-8"?>
<!-- Generated by org.testng.reporters.JUnitReportReporter -->
<testsuite hostname="malika" failures="0" tests="3" name="test.TestSearch" time="30.551" errors="0" timestamp="2023-01-06T23:53:40 EST" skipped="0">
  <testcase classname="test.TestSearch" name="searchJavaBook" time="9.334"/>
  <system-out/>
  <testcase classname="test.TestSearch" name="searchJava" time="12.155"/>
  <system-out/>
  <testcase classname="test.TestSearch" name="searchSeleniumBook" time="9.062"/>
  <system-out/>
</testsuite> <!-- test.TestSearch -->
