<?xml version="1.0" encoding="UTF-8"?>
<!-- Generated by org.testng.reporters.JUnitReportReporter -->
<testsuite hostname="malika" failures="0" tests="1" name="test.TestLogin" time="10.282" errors="0" timestamp="2023-02-01T20:37:53 EST" skipped="0">
  <testcase classname="test.TestLogin" name="invalidEmailAddress" time="10.282"/>
  <system-out/>
</testsuite> <!-- test.TestLogin -->
