<?xml version="1.0" encoding="UTF-8"?>
<!-- Generated by org.testng.reporters.JUnitReportReporter -->
<testsuite hostname="malika" failures="0" tests="1" name="test.TestLogin" time="9.588" errors="0" timestamp="2023-01-27T19:14:41 EST" skipped="0">
  <testcase classname="test.TestLogin" name="invalidEmailAddress" time="9.588"/>
  <system-out/>
</testsuite> <!-- test.TestLogin -->
